c:\users\dinas\source\repos\consoleapplication3\consoleapplication3\debug\consoleapplication3.pch
c:\users\dinas\source\repos\consoleapplication3\consoleapplication3\debug\vc142.pdb
c:\users\dinas\source\repos\consoleapplication3\consoleapplication3\debug\pch.obj
c:\users\dinas\source\repos\consoleapplication3\consoleapplication3\debug\assemblyinfo.obj
c:\users\dinas\source\repos\consoleapplication3\consoleapplication3\debug\.netframework,version=v4.7.2.assemblyattributes.obj
c:\users\dinas\source\repos\consoleapplication3\consoleapplication3\debug\consoleapplication3.obj
c:\users\dinas\source\repos\consoleapplication3\consoleapplication3\debug\app.res
c:\users\dinas\source\repos\consoleapplication3\debug\consoleapplication3.pdb
c:\users\dinas\source\repos\consoleapplication3\debug\consoleapplication3.exe
c:\users\dinas\source\repos\consoleapplication3\consoleapplication3\debug\consolea.02dc6d12.tlog\cl.command.1.tlog
c:\users\dinas\source\repos\consoleapplication3\consoleapplication3\debug\consolea.02dc6d12.tlog\cl.read.1.tlog
c:\users\dinas\source\repos\consoleapplication3\consoleapplication3\debug\consolea.02dc6d12.tlog\cl.write.1.tlog
c:\users\dinas\source\repos\consoleapplication3\consoleapplication3\debug\consolea.02dc6d12.tlog\link.command.1.tlog
c:\users\dinas\source\repos\consoleapplication3\consoleapplication3\debug\consolea.02dc6d12.tlog\link.read.1.tlog
c:\users\dinas\source\repos\consoleapplication3\consoleapplication3\debug\consolea.02dc6d12.tlog\link.write.1.tlog
c:\users\dinas\source\repos\consoleapplication3\consoleapplication3\debug\consolea.02dc6d12.tlog\metagen.read.1.tlog
c:\users\dinas\source\repos\consoleapplication3\consoleapplication3\debug\consolea.02dc6d12.tlog\metagen.write.1.tlog
c:\users\dinas\source\repos\consoleapplication3\consoleapplication3\debug\consolea.02dc6d12.tlog\rc.command.1.tlog
c:\users\dinas\source\repos\consoleapplication3\consoleapplication3\debug\consolea.02dc6d12.tlog\rc.read.1.tlog
c:\users\dinas\source\repos\consoleapplication3\consoleapplication3\debug\consolea.02dc6d12.tlog\rc.write.1.tlog
